
may 22, 2022 21:39:08.125 NEW SESSION
may 22, 2022 21:39:08.125 [4832:20204:0522/213908.122:ERROR:assistance_home_client.cc(23)] File path C:\Users\Usuario\AppData\Local\Microsoft\Edge\User Data\Default
may 22, 2022 21:39:10.719 [4832:20204:0522/213910.719:ERROR:device_event_log_impl.cc(214)] [21:39:10.719] USB: usb_device_handle_win.cc:1049 Failed to read descriptor from node connection: Uno de los dispositivos conectados al sistema no funciona. (0x1F)
may 22, 2022 21:39:10.722 [4832:20204:0522/213910.722:ERROR:device_event_log_impl.cc(214)] [21:39:10.723] USB: usb_device_handle_win.cc:1049 Failed to read descriptor from node connection: Uno de los dispositivos conectados al sistema no funciona. (0x1F)
may 22, 2022 21:40:08.467 [4832:18440:0522/214008.466:ERROR:util.cc(132)] Can't create base directory: C:\Program Files\Microsoft\EdgeUpdater
may 22, 2022 22:10:11.223 [4832:20204:0522/221011.223:ERROR:fallback_task_provider.cc(124)] Every renderer should have at least one task provided by a primary task provider. If a "Renderer" fallback task is shown, it is a bug. If you have repro steps, please file a new bug and tag it as a dependency of crbug.com/739782.
may 22, 2022 22:10:11.341 [4832:20204:0522/221011.341:ERROR:fallback_task_provider.cc(124)] Every renderer should have at least one task provided by a primary task provider. If a "Renderer" fallback task is shown, it is a bug. If you have repro steps, please file a new bug and tag it as a dependency of crbug.com/739782.
may 22, 2022 22:30:25.721 [6260:21808:0522/223025.721:ERROR:assistance_home_client.cc(23)] File path C:\Users\Usuario\AppData\Local\Microsoft\Edge\User Data\Default
may 22, 2022 22:30:28.451 [6260:21808:0522/223028.451:ERROR:device_event_log_impl.cc(214)] [22:30:28.452] USB: usb_device_handle_win.cc:1049 Failed to read descriptor from node connection: Uno de los dispositivos conectados al sistema no funciona. (0x1F)
may 22, 2022 22:30:28.457 [6260:21808:0522/223028.457:ERROR:device_event_log_impl.cc(214)] [22:30:28.458] USB: usb_device_handle_win.cc:1049 Failed to read descriptor from node connection: Uno de los dispositivos conectados al sistema no funciona. (0x1F)
may 22, 2022 22:30:28.457 [6260:21808:0522/223028.457:ERROR:device_event_log_impl.cc(214)] [22:30:28.458] USB: usb_device_handle_win.cc:1049 Failed to read descriptor from node connection: Uno de los dispositivos conectados al sistema no funciona. (0x1F)
may 23, 2022 24:42:59.878 [21624:10412:0523/004259.871:ERROR:assistance_home_client.cc(23)] File path C:\Users\Usuario\AppData\Local\Microsoft\Edge\User Data\Default
may 23, 2022 24:43:02.560 [21624:10412:0523/004302.560:ERROR:device_event_log_impl.cc(214)] [00:43:02.560] USB: usb_device_handle_win.cc:1049 Failed to read descriptor from node connection: Uno de los dispositivos conectados al sistema no funciona. (0x1F)
may 23, 2022 24:43:02.564 [21624:10412:0523/004302.564:ERROR:device_event_log_impl.cc(214)] [00:43:02.564] USB: usb_device_handle_win.cc:1049 Failed to read descriptor from node connection: Uno de los dispositivos conectados al sistema no funciona. (0x1F)
may 23, 2022 24:43:02.564 [21624:10412:0523/004302.564:ERROR:device_event_log_impl.cc(214)] [00:43:02.564] USB: usb_device_handle_win.cc:1049 Failed to read descriptor from node connection: Uno de los dispositivos conectados al sistema no funciona. (0x1F)
may 23, 2022 24:43:06.597 [21624:10412:0523/004306.597:ERROR:processor_entity.cc(171)] Metadata has an exisiting server id that will be overwritten with the current update entity id.metadata server_id: 03870de0-a976-4aed-86d9-774e6e7d812d update.entity.id: 03870de0-a976-4aed-86d9-774e6e7d812d
may 23, 2022 24:43:06.597 [21624:10412:0523/004306.597:ERROR:processor_entity.cc(171)] Metadata has an exisiting server id that will be overwritten with the current update entity id.metadata server_id: f7d959cc-2482-4523-bcdc-5cd24103c33d update.entity.id: f7d959cc-2482-4523-bcdc-5cd24103c33d
may 23, 2022 24:43:06.597 [21624:10412:0523/004306.597:ERROR:processor_entity.cc(171)] Metadata has an exisiting server id that will be overwritten with the current update entity id.metadata server_id: 96242125-b779-44e3-b062-930c517d4c35 update.entity.id: 96242125-b779-44e3-b062-930c517d4c35
may 23, 2022 24:43:06.598 [21624:10412:0523/004306.597:ERROR:processor_entity.cc(171)] Metadata has an exisiting server id that will be overwritten with the current update entity id.metadata server_id: 35baf0a1-e3f2-4c86-ba6f-4bbb6b2a4fa0 update.entity.id: 35baf0a1-e3f2-4c86-ba6f-4bbb6b2a4fa0
may 23, 2022 24:43:06.598 [21624:10412:0523/004306.597:ERROR:processor_entity.cc(171)] Metadata has an exisiting server id that will be overwritten with the current update entity id.metadata server_id: f61d133f-ce92-4ddc-af94-23bfd3cf01e1 update.entity.id: f61d133f-ce92-4ddc-af94-23bfd3cf01e1
may 23, 2022 24:43:06.598 [21624:10412:0523/004306.597:ERROR:processor_entity.cc(171)] Metadata has an exisiting server id that will be overwritten with the current update entity id.metadata server_id: 07172be9-c624-4c3e-8d9d-34f3a7766d97 update.entity.id: 07172be9-c624-4c3e-8d9d-34f3a7766d97
may 23, 2022 24:43:06.598 [21624:10412:0523/004306.597:ERROR:processor_entity.cc(171)] Metadata has an exisiting server id that will be overwritten with the current update entity id.metadata server_id: 30c9f0a9-b74e-42c9-879a-908eceb47dba update.entity.id: 30c9f0a9-b74e-42c9-879a-908eceb47dba
may 23, 2022 24:43:06.598 [21624:10412:0523/004306.597:ERROR:processor_entity.cc(171)] Metadata has an exisiting server id that will be overwritten with the current update entity id.metadata server_id: 049227e5-5e64-4ecf-ac55-4146bc2075c4 update.entity.id: 049227e5-5e64-4ecf-ac55-4146bc2075c4
may 23, 2022 24:44:00.172 [21624:15428:0523/004400.172:ERROR:util.cc(132)] Can't create base directory: C:\Program Files\Microsoft\EdgeUpdater
may 23, 2022 01:05:02.441 [24356:22208:0523/010502.441:ERROR:assistance_home_client.cc(23)] File path C:\Users\Usuario\AppData\Local\Microsoft\Edge\User Data\Default
may 23, 2022 01:05:06.04 [24356:22208:0523/010506.004:ERROR:device_event_log_impl.cc(214)] [01:05:06.004] USB: usb_device_handle_win.cc:1049 Failed to read descriptor from node connection: Uno de los dispositivos conectados al sistema no funciona. (0x1F)
may 23, 2022 01:05:06.08 [24356:22208:0523/010506.008:ERROR:device_event_log_impl.cc(214)] [01:05:06.007] USB: usb_device_handle_win.cc:1049 Failed to read descriptor from node connection: Uno de los dispositivos conectados al sistema no funciona. (0x1F)
may 23, 2022 01:05:06.08 [24356:22208:0523/010506.008:ERROR:device_event_log_impl.cc(214)] [01:05:06.007] USB: usb_device_handle_win.cc:1049 Failed to read descriptor from node connection: Uno de los dispositivos conectados al sistema no funciona. (0x1F)
may 23, 2022 01:20:58.902 [15864:20412:0523/012058.902:ERROR:assistance_home_client.cc(23)] File path C:\Users\Usuario\AppData\Local\Microsoft\Edge\User Data\Default
may 23, 2022 01:21:01.438 [15864:20412:0523/012101.438:ERROR:device_event_log_impl.cc(214)] [01:21:01.438] USB: usb_device_handle_win.cc:1049 Failed to read descriptor from node connection: Uno de los dispositivos conectados al sistema no funciona. (0x1F)
may 23, 2022 01:21:01.442 [15864:20412:0523/012101.442:ERROR:device_event_log_impl.cc(214)] [01:21:01.442] USB: usb_device_handle_win.cc:1049 Failed to read descriptor from node connection: Uno de los dispositivos conectados al sistema no funciona. (0x1F)
may 23, 2022 01:21:01.442 [15864:20412:0523/012101.442:ERROR:device_event_log_impl.cc(214)] [01:21:01.442] USB: usb_device_handle_win.cc:1049 Failed to read descriptor from node connection: Uno de los dispositivos conectados al sistema no funciona. (0x1F)
may 23, 2022 01:21:59.162 [15864:18668:0523/012159.162:ERROR:util.cc(132)] Can't create base directory: C:\Program Files\Microsoft\EdgeUpdater
